
Cluster 0
------------
46495
3458

Cluster 1
------------
23812

Cluster 2
------------
41729

Cluster 3
------------
91911

Cluster 4
------------
82212
85232

Cluster 5
------------
15813

Cluster 6
------------
20856

Cluster 7
------------
13052

Cluster 0
------------
46495
15813
3458

Cluster 1
------------
23812

Cluster 2
------------
41729

Cluster 3
------------
91911

Cluster 4
------------
82212
85232

Cluster 5
------------
20856

Cluster 6
------------
13052

Cluster 0
------------
46495
41729
15813
3458

Cluster 1
------------
23812

Cluster 2
------------
91911

Cluster 3
------------
82212
85232

Cluster 4
------------
20856

Cluster 5
------------
13052

Cluster 0
------------
46495
23812
41729
15813
3458

Cluster 1
------------
91911

Cluster 2
------------
82212
85232

Cluster 3
------------
20856

Cluster 4
------------
13052

Cluster 0
------------
46495
23812
41729
91911
15813
3458

Cluster 1
------------
13052

Cluster 2
------------
82212
85232

Cluster 3
------------
20856

Cluster 0
------------
46495
23812
41729
91911
15813
3458
13052

Cluster 1
------------
82212
85232

Cluster 2
------------
20856

Cluster 0
------------
46495
23812
41729
91911
82212
15813
85232
3458
13052

Cluster 1
------------
20856

Cluster 0
------------
46495
23812
41729
91911
82212
15813
85232
20856
3458
13052
