
Cluster 0
--------------
46495
23812
41729
82212
15813
85232
20856
3458
29047
53272
97218
69893
50018
33838
71389
43878
39939
81697
17622
81859
57370
22711
83741
91796
62186
34088
40084
82886
23319
42296
93168
42269
38472
10701
93192
98170
38846
27031
28672
91194
18773
25196
61242
70005
35014
57644
57481
54203
36257
98797
81563
38181
63634
23760
49624
39117
94652
3733
73183
42202
32054
70919
94719
25878
39299
27312
88042
38031
8304
72058
34958
41719
47023

Cluster 1
--------------
82238
93456
56394
83227
85492
46975
37237
19267
26246
10814

Cluster 2
--------------
91911
13052
82993
32088
64392
42633
96099
68578
55996
57602
58445
6040
52235
46042
34563
78796
9776
7674
63064
24307
63703
8208
28919
81816
37224
17526
29209
83394
94372
73462
91426
25551
56029
42074
1806
26095
64258
84035
45127
34047
14181
29773
4629
37438
65815
24634
7780
73624
50362
276
52954
20326
97612
